        -:    0:Source:s21_memchr.c
        -:    1:#include "s21_string.h"
        -:    2:
        8:    3:void *s21_memchr(const void *str, int c, S21_SIZE_T n) {
        -:    4:  S21_SIZE_T idx;
        8:    5:  const char *pt = str;
        8:    6:  if (0 == n) {
        2:    7:    pt = S21_NULL;
        -:    8:  } else {
       12:    9:    for (idx = 0; idx < n; idx++, pt++) {
        8:   10:      if (c == *pt) {
        2:   11:        break;
        -:   12:      }
        -:   13:    }
        -:   14:  }
        8:   15:  return (void *)pt;
        -:   16:}
