        -:    0:Source:s21_memchr.c
        -:    1:#include "s21_string.h"
        -:    2:
        4:    3:void *s21_memchr(const void *str, int c, S21_SIZE_T n) {
        -:    4:  S21_SIZE_T idx;
        4:    5:  const char *pt = str;
        4:    6:  if (0 == n) {
        1:    7:    pt = S21_NULL;
        -:    8:  } else {
        6:    9:    for (idx = 0; idx < n; idx++, pt++) {
        4:   10:      if (c == *pt) {
        1:   11:        break;
        -:   12:      }
        -:   13:    }
        -:   14:  }
        4:   15:  return (void *)pt;
        -:   16:}
